<?xml version="1.0" encoding="UTF-8"?>
<testsuite xmlns:xsi="http://www.w3.org/2001/XMLSchema-instance" xsi:noNamespaceSchemaLocation="https://maven.apache.org/surefire/maven-surefire-plugin/xsd/surefire-test-report.xsd" name="com.example.KMPTest" time="2.293" tests="3" errors="0" skipped="0" failures="0">
  <properties>
[...]
</properties>
  <testcase name="testSmallText" classname="com.example.KMPTest" time="0.006"/>
  <testcase name="testLargeText" classname="com.example.KMPTest" time="2.241"/>
  <testcase name="testMediumText" classname="com.example.KMPTest" time="0"/>
</testsuite>